This file contains any messages produced by compilers while
running configure, to aid debugging if configure makes a mistake.

It was created by DVC configure 0, which was
generated by GNU Autoconf 2.61.  Invocation command line was

  $ ./configure 

## --------- ##
## Platform. ##
## --------- ##

hostname = aesir
uname -m = x86_64
uname -r = 10.7.4
uname -s = Darwin
uname -v = Darwin Kernel Version 10.7.4: Mon Apr 18 21:24:17 PDT 2011; root:xnu-1504.14.12~3/RELEASE_X86_64

/usr/bin/uname -p = i386
/bin/uname -X     = unknown

/bin/arch              = unknown
/usr/bin/arch -k       = unknown
/usr/convex/getsysinfo = unknown
/usr/bin/hostinfo      = Mach kernel version:
	 Darwin Kernel Version 10.7.4: Mon Apr 18 21:24:17 PDT 2011; root:xnu-1504.14.12~3/RELEASE_X86_64
Kernel configured for up to 8 processors.
4 processors are physically available.
8 processors are logically available.
Processor type: i486 (Intel 80486)
Processors active: 0 1 2 3 4 5 6 7
Primary memory available: 8.00 gigabytes
Default processor set: 287 tasks, 980 threads, 8 processors
Load average: 1.25, Mach factor: 6.73
/bin/machine           = unknown
/usr/bin/oslevel       = unknown
/bin/universe          = unknown

PATH: /usr/bin
PATH: /bin
PATH: /usr/sbin
PATH: /sbin
PATH: /usr/local/bin
PATH: /usr/X11/bin


## ----------- ##
## Core tests. ##
## ----------- ##

configure:1661: checking whether make sets $(MAKE)
configure:1682: result: yes
configure:1735: checking for a BSD-compatible install
configure:1791: result: /usr/bin/install -c
configure:1802: checking for a thread-safe mkdir -p
configure:1841: result: ./install-sh -c -d
configure:1859: checking for emacs
configure:1875: found /usr/bin/emacs
configure:1886: result: emacs
configure:1905: checking emacs-type of emacs
configure:1912: result: emacs
configure:1922: checking where .elc files should go
configure:1942: result: $(prefix)/share/emacs/site-lisp/dvc
configure:1950: checking where the TeXinfo docs should go
configure:1961: result: ${datarootdir}/info
configure:1974: checking for tla
configure:2004: result: no
configure:2022: checking for baz
configure:2052: result: no
configure:2062: checking arch branch to use
configure:2077: result: none
configure:2090: checking for diff
configure:2106: found /usr/bin/diff
configure:2117: result: diff
configure:2142: checking for patch
configure:2158: found /usr/bin/patch
configure:2169: result: patch
configure:2195: checking whether tree-widget is in the load-path
configure:2206: result: yes
configure:2221: checking for the date utility flavor
configure:2228: result: BSD
configure:2362: creating ./config.status

## ---------------------- ##
## Running config.status. ##
## ---------------------- ##

This file was extended by DVC config.status 0, which was
generated by GNU Autoconf 2.61.  Invocation command line was

  CONFIG_FILES    = 
  CONFIG_HEADERS  = 
  CONFIG_LINKS    = 
  CONFIG_COMMANDS = 
  $ ./config.status 

on aesir

config.status:585: creating Makefile
config.status:585: creating lisp/Makefile
config.status:585: creating texinfo/Makefile
config.status:585: creating dvc-load.el
config.status:585: creating lisp/dvc-site.el

## ---------------- ##
## Cache variables. ##
## ---------------- ##

ac_cv_env_build_alias_set=
ac_cv_env_build_alias_value=
ac_cv_env_host_alias_set=
ac_cv_env_host_alias_value=
ac_cv_env_target_alias_set=
ac_cv_env_target_alias_value=
ac_cv_path_install='/usr/bin/install -c'
ac_cv_prog_DIFF=diff
ac_cv_prog_EMACS_PROG=emacs
ac_cv_prog_PATCH=patch
ac_cv_prog_make_make_set=yes

## ----------------- ##
## Output variables. ##
## ----------------- ##

ARCH_BRANCH='none'
BAZ=''
DATE_FLAVOR='BSD'
DEFS='-DPACKAGE_NAME=\"DVC\" -DPACKAGE_TARNAME=\"dvc\" -DPACKAGE_VERSION=\"0\" -DPACKAGE_STRING=\"DVC\ 0\" -DPACKAGE_BUGREPORT=\"dvc-dev@gna.org\"'
DIFF='diff'
ECHO_C='ECHO_N=''
ECHO_T=''
EMACS_PROG='emacs'
FLAGS='--no-site-file'
INSTALL_DATA='${INSTALL} -m 644'
INSTALL_PROGRAM='${INSTALL}'
INSTALL_SCRIPT='${INSTALL}'
LIBOBJS=''
LIBS=''
LTLIBOBJS=''
OTHERDIRS=''
PACKAGE_BUGREPORT='dvc-dev@gna.org'
PACKAGE_NAME='DVC'
PACKAGE_STRING='DVC 0'
PACKAGE_TARNAME='dvc'
PACKAGE_VERSION='0'
PATCH='patch'
PATH_SEPARATOR=':'
SET_MAKE=''
SHELL='/bin/sh'
TLA=''
bindir='${exec_prefix}/bin'
build_alias=''
datadir='$(prefix)/share'
datarootdir='${prefix}/share'
docdir='${datarootdir}/doc/${PACKAGE_TARNAME}'
dvidir='${docdir}'
exec_prefix='${prefix}'
host_alias=''
htmldir='${docdir}'
includedir='${prefix}/include'
info_dir='${datarootdir}/info'
infodir='${datarootdir}/info'
libdir='${exec_prefix}/lib'
libexecdir='${exec_prefix}/libexec'
lispdir='$(prefix)/share/emacs/site-lisp/dvc'
localedir='${datarootdir}/locale'
localstatedir='${prefix}/var'
mandir='${datarootdir}/man'
oldincludedir='/usr/include'
pdfdir='${docdir}'
prefix='/usr/local'
program_transform_name='s,x,x,'
psdir='${docdir}'
sbindir='${exec_prefix}/sbin'
sharedstatedir='${prefix}/com'
sysconfdir='${prefix}/etc'
target_alias=''

## ----------- ##
## confdefs.h. ##
## ----------- ##

#define PACKAGE_NAME "DVC"
#define PACKAGE_TARNAME "dvc"
#define PACKAGE_VERSION "0"
#define PACKAGE_STRING "DVC 0"
#define PACKAGE_BUGREPORT "dvc-dev@gna.org"

configure: exit 0

## ---------------------- ##
## Running config.status. ##
## ---------------------- ##

This file was extended by DVC config.status 0, which was
generated by GNU Autoconf 2.61.  Invocation command line was

  CONFIG_FILES    = 
  CONFIG_HEADERS  = 
  CONFIG_LINKS    = 
  CONFIG_COMMANDS = 
  $ ./config.status 

on Aesir.local

config.status:585: creating Makefile
config.status:585: creating lisp/Makefile
config.status:585: creating texinfo/Makefile
config.status:585: creating dvc-load.el
config.status:585: creating lisp/dvc-site.el
